INFO - 2025-01-31 08:59:04 --> Session: Class initialized using 'CodeIgniter\Session\Handlers\FileHandler' driver.
INFO - 2025-01-31 08:59:08 --> Session: Class initialized using 'CodeIgniter\Session\Handlers\FileHandler' driver.
INFO - 2025-01-31 08:59:11 --> Session: Class initialized using 'CodeIgniter\Session\Handlers\FileHandler' driver.
INFO - 2025-01-31 08:59:13 --> Session: Class initialized using 'CodeIgniter\Session\Handlers\FileHandler' driver.
INFO - 2025-01-31 09:03:58 --> Session: Class initialized using 'CodeIgniter\Session\Handlers\FileHandler' driver.
INFO - 2025-01-31 09:21:34 --> Session: Class initialized using 'CodeIgniter\Session\Handlers\FileHandler' driver.
ERROR - 2025-01-31 09:22:46 --> mysqli_sql_exception: Unknown column 'EMAIL' in 'where clause' in C:\xampp\htdocs\clinicaveterinaria\system\Database\MySQLi\Connection.php:312
Stack trace:
#0 C:\xampp\htdocs\clinicaveterinaria\system\Database\MySQLi\Connection.php(312): mysqli->query('SELECT 1\nFROM `...', 0)
#1 C:\xampp\htdocs\clinicaveterinaria\system\Database\BaseConnection.php(734): CodeIgniter\Database\MySQLi\Connection->execute('SELECT 1\nFROM `...')
#2 C:\xampp\htdocs\clinicaveterinaria\system\Database\BaseConnection.php(648): CodeIgniter\Database\BaseConnection->simpleQuery('SELECT 1\nFROM `...')
#3 C:\xampp\htdocs\clinicaveterinaria\system\Database\BaseBuilder.php(1644): CodeIgniter\Database\BaseConnection->query('SELECT 1\nFROM `...', Array, false)
#4 C:\xampp\htdocs\clinicaveterinaria\system\Validation\StrictRules\Rules.php(232): CodeIgniter\Database\BaseBuilder->get()
#5 C:\xampp\htdocs\clinicaveterinaria\system\Validation\Validation.php(339): CodeIgniter\Validation\StrictRules\Rules->is_unique('Patricia@gmail....', 'EMAIL', Array, NULL, 'EMAIL')
#6 C:\xampp\htdocs\clinicaveterinaria\system\Validation\Validation.php(204): CodeIgniter\Validation\Validation->processRules('EMAIL', 'EMAIL', 'Patricia@gmail....', Array, Array, 'EMAIL')
#7 C:\xampp\htdocs\clinicaveterinaria\system\Controller.php(137): CodeIgniter\Validation\Validation->run()
#8 C:\xampp\htdocs\clinicaveterinaria\app\Controllers\ClienteControlador.php(102): CodeIgniter\Controller->validate(Array)
#9 C:\xampp\htdocs\clinicaveterinaria\system\CodeIgniter.php(933): App\Controllers\ClienteControlador->processRegister()
#10 C:\xampp\htdocs\clinicaveterinaria\system\CodeIgniter.php(509): CodeIgniter\CodeIgniter->runController(Object(App\Controllers\ClienteControlador))
#11 C:\xampp\htdocs\clinicaveterinaria\system\CodeIgniter.php(355): CodeIgniter\CodeIgniter->handleRequest(NULL, Object(Config\Cache), false)
#12 C:\xampp\htdocs\clinicaveterinaria\system\Boot.php(325): CodeIgniter\CodeIgniter->run()
#13 C:\xampp\htdocs\clinicaveterinaria\system\Boot.php(67): CodeIgniter\Boot::runCodeIgniter(Object(CodeIgniter\CodeIgniter))
#14 C:\xampp\htdocs\clinicaveterinaria\public\index.php(56): CodeIgniter\Boot::bootWeb(Object(Config\Paths))
#15 {main}
CRITICAL - 2025-01-31 09:22:46 --> CodeIgniter\Database\Exceptions\DatabaseException: Unknown column 'EMAIL' in 'where clause'
[Method: POST, Route: register/process]
in SYSTEMPATH\Database\BaseConnection.php on line 688.
 1 SYSTEMPATH\Database\BaseBuilder.php(1644): CodeIgniter\Database\BaseConnection->query('SELECT 1
FROM `cliente`
WHERE `EMAIL` = :EMAIL:
 LIMIT 1', [...], false)
 2 SYSTEMPATH\Validation\StrictRules\Rules.php(232): CodeIgniter\Database\BaseBuilder->get()
 3 SYSTEMPATH\Validation\Validation.php(339): CodeIgniter\Validation\StrictRules\Rules->is_unique('Patricia@gmail.com', 'EMAIL', [...], null, 'EMAIL')
 4 SYSTEMPATH\Validation\Validation.php(204): CodeIgniter\Validation\Validation->processRules('EMAIL', 'EMAIL', 'Patricia@gmail.com', [...], [...], 'EMAIL')
 5 SYSTEMPATH\Controller.php(137): CodeIgniter\Validation\Validation->run()
 6 APPPATH\Controllers\ClienteControlador.php(102): CodeIgniter\Controller->validate([...])
 7 SYSTEMPATH\CodeIgniter.php(933): App\Controllers\ClienteControlador->processRegister()
 8 SYSTEMPATH\CodeIgniter.php(509): CodeIgniter\CodeIgniter->runController(Object(App\Controllers\ClienteControlador))
 9 SYSTEMPATH\CodeIgniter.php(355): CodeIgniter\CodeIgniter->handleRequest(null, Object(Config\Cache), false)
10 SYSTEMPATH\Boot.php(325): CodeIgniter\CodeIgniter->run()
11 SYSTEMPATH\Boot.php(67): CodeIgniter\Boot::runCodeIgniter(Object(CodeIgniter\CodeIgniter))
12 FCPATH\index.php(56): CodeIgniter\Boot::bootWeb(Object(Config\Paths))
CRITICAL - 2025-01-31 09:22:46 --> [Caused by] CodeIgniter\Database\Exceptions\DatabaseException: Unknown column 'EMAIL' in 'where clause'
in SYSTEMPATH\Database\MySQLi\Connection.php on line 317.
 1 SYSTEMPATH\Database\BaseConnection.php(734): CodeIgniter\Database\MySQLi\Connection->execute('SELECT 1
FROM `cliente`
WHERE `EMAIL` = \'Patricia@gmail.com\'
 LIMIT 1')
 2 SYSTEMPATH\Database\BaseConnection.php(648): CodeIgniter\Database\BaseConnection->simpleQuery('SELECT 1
FROM `cliente`
WHERE `EMAIL` = \'Patricia@gmail.com\'
 LIMIT 1')
 3 SYSTEMPATH\Database\BaseBuilder.php(1644): CodeIgniter\Database\BaseConnection->query('SELECT 1
FROM `cliente`
WHERE `EMAIL` = :EMAIL:
 LIMIT 1', [...], false)
 4 SYSTEMPATH\Validation\StrictRules\Rules.php(232): CodeIgniter\Database\BaseBuilder->get()
 5 SYSTEMPATH\Validation\Validation.php(339): CodeIgniter\Validation\StrictRules\Rules->is_unique('Patricia@gmail.com', 'EMAIL', [...], null, 'EMAIL')
 6 SYSTEMPATH\Validation\Validation.php(204): CodeIgniter\Validation\Validation->processRules('EMAIL', 'EMAIL', 'Patricia@gmail.com', [...], [...], 'EMAIL')
 7 SYSTEMPATH\Controller.php(137): CodeIgniter\Validation\Validation->run()
 8 APPPATH\Controllers\ClienteControlador.php(102): CodeIgniter\Controller->validate([...])
 9 SYSTEMPATH\CodeIgniter.php(933): App\Controllers\ClienteControlador->processRegister()
10 SYSTEMPATH\CodeIgniter.php(509): CodeIgniter\CodeIgniter->runController(Object(App\Controllers\ClienteControlador))
11 SYSTEMPATH\CodeIgniter.php(355): CodeIgniter\CodeIgniter->handleRequest(null, Object(Config\Cache), false)
12 SYSTEMPATH\Boot.php(325): CodeIgniter\CodeIgniter->run()
13 SYSTEMPATH\Boot.php(67): CodeIgniter\Boot::runCodeIgniter(Object(CodeIgniter\CodeIgniter))
14 FCPATH\index.php(56): CodeIgniter\Boot::bootWeb(Object(Config\Paths))
CRITICAL - 2025-01-31 09:22:46 --> [Caused by] mysqli_sql_exception: Unknown column 'EMAIL' in 'where clause'
in SYSTEMPATH\Database\MySQLi\Connection.php on line 312.
 1 SYSTEMPATH\Database\MySQLi\Connection.php(312): mysqli->query('SELECT 1
FROM `cliente`
WHERE `EMAIL` = \'Patricia@gmail.com\'
 LIMIT 1', 0)
 2 SYSTEMPATH\Database\BaseConnection.php(734): CodeIgniter\Database\MySQLi\Connection->execute('SELECT 1
FROM `cliente`
WHERE `EMAIL` = \'Patricia@gmail.com\'
 LIMIT 1')
 3 SYSTEMPATH\Database\BaseConnection.php(648): CodeIgniter\Database\BaseConnection->simpleQuery('SELECT 1
FROM `cliente`
WHERE `EMAIL` = \'Patricia@gmail.com\'
 LIMIT 1')
 4 SYSTEMPATH\Database\BaseBuilder.php(1644): CodeIgniter\Database\BaseConnection->query('SELECT 1
FROM `cliente`
WHERE `EMAIL` = :EMAIL:
 LIMIT 1', [...], false)
 5 SYSTEMPATH\Validation\StrictRules\Rules.php(232): CodeIgniter\Database\BaseBuilder->get()
 6 SYSTEMPATH\Validation\Validation.php(339): CodeIgniter\Validation\StrictRules\Rules->is_unique('Patricia@gmail.com', 'EMAIL', [...], null, 'EMAIL')
 7 SYSTEMPATH\Validation\Validation.php(204): CodeIgniter\Validation\Validation->processRules('EMAIL', 'EMAIL', 'Patricia@gmail.com', [...], [...], 'EMAIL')
 8 SYSTEMPATH\Controller.php(137): CodeIgniter\Validation\Validation->run()
 9 APPPATH\Controllers\ClienteControlador.php(102): CodeIgniter\Controller->validate([...])
10 SYSTEMPATH\CodeIgniter.php(933): App\Controllers\ClienteControlador->processRegister()
11 SYSTEMPATH\CodeIgniter.php(509): CodeIgniter\CodeIgniter->runController(Object(App\Controllers\ClienteControlador))
12 SYSTEMPATH\CodeIgniter.php(355): CodeIgniter\CodeIgniter->handleRequest(null, Object(Config\Cache), false)
13 SYSTEMPATH\Boot.php(325): CodeIgniter\CodeIgniter->run()
14 SYSTEMPATH\Boot.php(67): CodeIgniter\Boot::runCodeIgniter(Object(CodeIgniter\CodeIgniter))
15 FCPATH\index.php(56): CodeIgniter\Boot::bootWeb(Object(Config\Paths))
ERROR - 2025-01-31 09:23:06 --> mysqli_sql_exception: Unknown column 'EMAIL' in 'where clause' in C:\xampp\htdocs\clinicaveterinaria\system\Database\MySQLi\Connection.php:312
Stack trace:
#0 C:\xampp\htdocs\clinicaveterinaria\system\Database\MySQLi\Connection.php(312): mysqli->query('SELECT 1\nFROM `...', 0)
#1 C:\xampp\htdocs\clinicaveterinaria\system\Database\BaseConnection.php(734): CodeIgniter\Database\MySQLi\Connection->execute('SELECT 1\nFROM `...')
#2 C:\xampp\htdocs\clinicaveterinaria\system\Database\BaseConnection.php(648): CodeIgniter\Database\BaseConnection->simpleQuery('SELECT 1\nFROM `...')
#3 C:\xampp\htdocs\clinicaveterinaria\system\Database\BaseBuilder.php(1644): CodeIgniter\Database\BaseConnection->query('SELECT 1\nFROM `...', Array, false)
#4 C:\xampp\htdocs\clinicaveterinaria\system\Validation\StrictRules\Rules.php(232): CodeIgniter\Database\BaseBuilder->get()
#5 C:\xampp\htdocs\clinicaveterinaria\system\Validation\Validation.php(339): CodeIgniter\Validation\StrictRules\Rules->is_unique('Patricia23@gmai...', 'EMAIL', Array, NULL, 'EMAIL')
#6 C:\xampp\htdocs\clinicaveterinaria\system\Validation\Validation.php(204): CodeIgniter\Validation\Validation->processRules('EMAIL', 'EMAIL', 'Patricia23@gmai...', Array, Array, 'EMAIL')
#7 C:\xampp\htdocs\clinicaveterinaria\system\Controller.php(137): CodeIgniter\Validation\Validation->run()
#8 C:\xampp\htdocs\clinicaveterinaria\app\Controllers\ClienteControlador.php(102): CodeIgniter\Controller->validate(Array)
#9 C:\xampp\htdocs\clinicaveterinaria\system\CodeIgniter.php(933): App\Controllers\ClienteControlador->processRegister()
#10 C:\xampp\htdocs\clinicaveterinaria\system\CodeIgniter.php(509): CodeIgniter\CodeIgniter->runController(Object(App\Controllers\ClienteControlador))
#11 C:\xampp\htdocs\clinicaveterinaria\system\CodeIgniter.php(355): CodeIgniter\CodeIgniter->handleRequest(NULL, Object(Config\Cache), false)
#12 C:\xampp\htdocs\clinicaveterinaria\system\Boot.php(325): CodeIgniter\CodeIgniter->run()
#13 C:\xampp\htdocs\clinicaveterinaria\system\Boot.php(67): CodeIgniter\Boot::runCodeIgniter(Object(CodeIgniter\CodeIgniter))
#14 C:\xampp\htdocs\clinicaveterinaria\public\index.php(56): CodeIgniter\Boot::bootWeb(Object(Config\Paths))
#15 {main}
CRITICAL - 2025-01-31 09:23:06 --> CodeIgniter\Database\Exceptions\DatabaseException: Unknown column 'EMAIL' in 'where clause'
[Method: POST, Route: register/process]
in SYSTEMPATH\Database\BaseConnection.php on line 688.
 1 SYSTEMPATH\Database\BaseBuilder.php(1644): CodeIgniter\Database\BaseConnection->query('SELECT 1
FROM `cliente`
WHERE `EMAIL` = :EMAIL:
 LIMIT 1', [...], false)
 2 SYSTEMPATH\Validation\StrictRules\Rules.php(232): CodeIgniter\Database\BaseBuilder->get()
 3 SYSTEMPATH\Validation\Validation.php(339): CodeIgniter\Validation\StrictRules\Rules->is_unique('Patricia23@gmail.com', 'EMAIL', [...], null, 'EMAIL')
 4 SYSTEMPATH\Validation\Validation.php(204): CodeIgniter\Validation\Validation->processRules('EMAIL', 'EMAIL', 'Patricia23@gmail.com', [...], [...], 'EMAIL')
 5 SYSTEMPATH\Controller.php(137): CodeIgniter\Validation\Validation->run()
 6 APPPATH\Controllers\ClienteControlador.php(102): CodeIgniter\Controller->validate([...])
 7 SYSTEMPATH\CodeIgniter.php(933): App\Controllers\ClienteControlador->processRegister()
 8 SYSTEMPATH\CodeIgniter.php(509): CodeIgniter\CodeIgniter->runController(Object(App\Controllers\ClienteControlador))
 9 SYSTEMPATH\CodeIgniter.php(355): CodeIgniter\CodeIgniter->handleRequest(null, Object(Config\Cache), false)
10 SYSTEMPATH\Boot.php(325): CodeIgniter\CodeIgniter->run()
11 SYSTEMPATH\Boot.php(67): CodeIgniter\Boot::runCodeIgniter(Object(CodeIgniter\CodeIgniter))
12 FCPATH\index.php(56): CodeIgniter\Boot::bootWeb(Object(Config\Paths))
CRITICAL - 2025-01-31 09:23:06 --> [Caused by] CodeIgniter\Database\Exceptions\DatabaseException: Unknown column 'EMAIL' in 'where clause'
in SYSTEMPATH\Database\MySQLi\Connection.php on line 317.
 1 SYSTEMPATH\Database\BaseConnection.php(734): CodeIgniter\Database\MySQLi\Connection->execute('SELECT 1
FROM `cliente`
WHERE `EMAIL` = \'Patricia23@gmail.com\'
 LIMIT 1')
 2 SYSTEMPATH\Database\BaseConnection.php(648): CodeIgniter\Database\BaseConnection->simpleQuery('SELECT 1
FROM `cliente`
WHERE `EMAIL` = \'Patricia23@gmail.com\'
 LIMIT 1')
 3 SYSTEMPATH\Database\BaseBuilder.php(1644): CodeIgniter\Database\BaseConnection->query('SELECT 1
FROM `cliente`
WHERE `EMAIL` = :EMAIL:
 LIMIT 1', [...], false)
 4 SYSTEMPATH\Validation\StrictRules\Rules.php(232): CodeIgniter\Database\BaseBuilder->get()
 5 SYSTEMPATH\Validation\Validation.php(339): CodeIgniter\Validation\StrictRules\Rules->is_unique('Patricia23@gmail.com', 'EMAIL', [...], null, 'EMAIL')
 6 SYSTEMPATH\Validation\Validation.php(204): CodeIgniter\Validation\Validation->processRules('EMAIL', 'EMAIL', 'Patricia23@gmail.com', [...], [...], 'EMAIL')
 7 SYSTEMPATH\Controller.php(137): CodeIgniter\Validation\Validation->run()
 8 APPPATH\Controllers\ClienteControlador.php(102): CodeIgniter\Controller->validate([...])
 9 SYSTEMPATH\CodeIgniter.php(933): App\Controllers\ClienteControlador->processRegister()
10 SYSTEMPATH\CodeIgniter.php(509): CodeIgniter\CodeIgniter->runController(Object(App\Controllers\ClienteControlador))
11 SYSTEMPATH\CodeIgniter.php(355): CodeIgniter\CodeIgniter->handleRequest(null, Object(Config\Cache), false)
12 SYSTEMPATH\Boot.php(325): CodeIgniter\CodeIgniter->run()
13 SYSTEMPATH\Boot.php(67): CodeIgniter\Boot::runCodeIgniter(Object(CodeIgniter\CodeIgniter))
14 FCPATH\index.php(56): CodeIgniter\Boot::bootWeb(Object(Config\Paths))
CRITICAL - 2025-01-31 09:23:06 --> [Caused by] mysqli_sql_exception: Unknown column 'EMAIL' in 'where clause'
in SYSTEMPATH\Database\MySQLi\Connection.php on line 312.
 1 SYSTEMPATH\Database\MySQLi\Connection.php(312): mysqli->query('SELECT 1
FROM `cliente`
WHERE `EMAIL` = \'Patricia23@gmail.com\'
 LIMIT 1', 0)
 2 SYSTEMPATH\Database\BaseConnection.php(734): CodeIgniter\Database\MySQLi\Connection->execute('SELECT 1
FROM `cliente`
WHERE `EMAIL` = \'Patricia23@gmail.com\'
 LIMIT 1')
 3 SYSTEMPATH\Database\BaseConnection.php(648): CodeIgniter\Database\BaseConnection->simpleQuery('SELECT 1
FROM `cliente`
WHERE `EMAIL` = \'Patricia23@gmail.com\'
 LIMIT 1')
 4 SYSTEMPATH\Database\BaseBuilder.php(1644): CodeIgniter\Database\BaseConnection->query('SELECT 1
FROM `cliente`
WHERE `EMAIL` = :EMAIL:
 LIMIT 1', [...], false)
 5 SYSTEMPATH\Validation\StrictRules\Rules.php(232): CodeIgniter\Database\BaseBuilder->get()
 6 SYSTEMPATH\Validation\Validation.php(339): CodeIgniter\Validation\StrictRules\Rules->is_unique('Patricia23@gmail.com', 'EMAIL', [...], null, 'EMAIL')
 7 SYSTEMPATH\Validation\Validation.php(204): CodeIgniter\Validation\Validation->processRules('EMAIL', 'EMAIL', 'Patricia23@gmail.com', [...], [...], 'EMAIL')
 8 SYSTEMPATH\Controller.php(137): CodeIgniter\Validation\Validation->run()
 9 APPPATH\Controllers\ClienteControlador.php(102): CodeIgniter\Controller->validate([...])
10 SYSTEMPATH\CodeIgniter.php(933): App\Controllers\ClienteControlador->processRegister()
11 SYSTEMPATH\CodeIgniter.php(509): CodeIgniter\CodeIgniter->runController(Object(App\Controllers\ClienteControlador))
12 SYSTEMPATH\CodeIgniter.php(355): CodeIgniter\CodeIgniter->handleRequest(null, Object(Config\Cache), false)
13 SYSTEMPATH\Boot.php(325): CodeIgniter\CodeIgniter->run()
14 SYSTEMPATH\Boot.php(67): CodeIgniter\Boot::runCodeIgniter(Object(CodeIgniter\CodeIgniter))
15 FCPATH\index.php(56): CodeIgniter\Boot::bootWeb(Object(Config\Paths))
INFO - 2025-01-31 10:36:18 --> Session: Class initialized using 'CodeIgniter\Session\Handlers\FileHandler' driver.
INFO - 2025-01-31 10:36:31 --> Session: Class initialized using 'CodeIgniter\Session\Handlers\FileHandler' driver.
INFO - 2025-01-31 10:36:31 --> Session: Class initialized using 'CodeIgniter\Session\Handlers\FileHandler' driver.
INFO - 2025-01-31 10:48:05 --> Session: Class initialized using 'CodeIgniter\Session\Handlers\FileHandler' driver.
INFO - 2025-01-31 10:48:07 --> Session: Class initialized using 'CodeIgniter\Session\Handlers\FileHandler' driver.
INFO - 2025-01-31 10:48:10 --> Session: Class initialized using 'CodeIgniter\Session\Handlers\FileHandler' driver.
INFO - 2025-01-31 11:18:39 --> Session: Class initialized using 'CodeIgniter\Session\Handlers\FileHandler' driver.
INFO - 2025-01-31 11:18:51 --> Session: Class initialized using 'CodeIgniter\Session\Handlers\FileHandler' driver.
INFO - 2025-01-31 11:19:10 --> Session: Class initialized using 'CodeIgniter\Session\Handlers\FileHandler' driver.
INFO - 2025-01-31 11:19:14 --> Session: Class initialized using 'CodeIgniter\Session\Handlers\FileHandler' driver.
INFO - 2025-01-31 11:34:16 --> Session: Class initialized using 'CodeIgniter\Session\Handlers\FileHandler' driver.
INFO - 2025-01-31 11:34:23 --> Session: Class initialized using 'CodeIgniter\Session\Handlers\FileHandler' driver.
INFO - 2025-01-31 11:37:13 --> Session: Class initialized using 'CodeIgniter\Session\Handlers\FileHandler' driver.
INFO - 2025-01-31 11:37:32 --> Session: Class initialized using 'CodeIgniter\Session\Handlers\FileHandler' driver.
INFO - 2025-01-31 11:37:42 --> Session: Class initialized using 'CodeIgniter\Session\Handlers\FileHandler' driver.
INFO - 2025-01-31 11:37:53 --> Session: Class initialized using 'CodeIgniter\Session\Handlers\FileHandler' driver.
INFO - 2025-01-31 11:38:30 --> Session: Class initialized using 'CodeIgniter\Session\Handlers\FileHandler' driver.
INFO - 2025-01-31 11:38:57 --> Session: Class initialized using 'CodeIgniter\Session\Handlers\FileHandler' driver.
CRITICAL - 2025-01-31 11:39:00 --> CodeIgniter\HTTP\Exceptions\BadRequestException: The URI you submitted has disallowed characters: "juan@example.com"
[Method: GET, Route: clientes/editar/juan@example.com]
in SYSTEMPATH\Router\Router.php on line 737.
 1 SYSTEMPATH\Router\Router.php(204): CodeIgniter\Router\Router->checkDisallowedChars('clientes/editar/juan@example.com')
 2 SYSTEMPATH\CodeIgniter.php(834): CodeIgniter\Router\Router->handle('clientes/editar/juan@example.com')
 3 SYSTEMPATH\CodeIgniter.php(457): CodeIgniter\CodeIgniter->tryToRouteIt(Object(CodeIgniter\Router\RouteCollection))
 4 SYSTEMPATH\CodeIgniter.php(355): CodeIgniter\CodeIgniter->handleRequest(null, Object(Config\Cache), false)
 5 SYSTEMPATH\Boot.php(325): CodeIgniter\CodeIgniter->run()
 6 SYSTEMPATH\Boot.php(67): CodeIgniter\Boot::runCodeIgniter(Object(CodeIgniter\CodeIgniter))
 7 FCPATH\index.php(56): CodeIgniter\Boot::bootWeb(Object(Config\Paths))
INFO - 2025-01-31 11:39:13 --> Session: Class initialized using 'CodeIgniter\Session\Handlers\FileHandler' driver.
INFO - 2025-01-31 11:39:21 --> Session: Class initialized using 'CodeIgniter\Session\Handlers\FileHandler' driver.
INFO - 2025-01-31 11:39:46 --> Session: Class initialized using 'CodeIgniter\Session\Handlers\FileHandler' driver.
INFO - 2025-01-31 11:39:50 --> Session: Class initialized using 'CodeIgniter\Session\Handlers\FileHandler' driver.
INFO - 2025-01-31 11:39:53 --> Session: Class initialized using 'CodeIgniter\Session\Handlers\FileHandler' driver.
INFO - 2025-01-31 11:39:54 --> Session: Class initialized using 'CodeIgniter\Session\Handlers\FileHandler' driver.
INFO - 2025-01-31 11:40:20 --> Session: Class initialized using 'CodeIgniter\Session\Handlers\FileHandler' driver.
INFO - 2025-01-31 11:40:43 --> Session: Class initialized using 'CodeIgniter\Session\Handlers\FileHandler' driver.
INFO - 2025-01-31 11:41:09 --> Session: Class initialized using 'CodeIgniter\Session\Handlers\FileHandler' driver.
INFO - 2025-01-31 11:41:28 --> Session: Class initialized using 'CodeIgniter\Session\Handlers\FileHandler' driver.
INFO - 2025-01-31 11:41:33 --> Session: Class initialized using 'CodeIgniter\Session\Handlers\FileHandler' driver.
INFO - 2025-01-31 11:43:22 --> Session: Class initialized using 'CodeIgniter\Session\Handlers\FileHandler' driver.
INFO - 2025-01-31 11:44:04 --> Session: Class initialized using 'CodeIgniter\Session\Handlers\FileHandler' driver.
INFO - 2025-01-31 11:44:06 --> Session: Class initialized using 'CodeIgniter\Session\Handlers\FileHandler' driver.
INFO - 2025-01-31 11:44:06 --> Session: Class initialized using 'CodeIgniter\Session\Handlers\FileHandler' driver.
INFO - 2025-01-31 11:44:37 --> Session: Class initialized using 'CodeIgniter\Session\Handlers\FileHandler' driver.
INFO - 2025-01-31 11:44:40 --> Session: Class initialized using 'CodeIgniter\Session\Handlers\FileHandler' driver.
INFO - 2025-01-31 11:44:40 --> Session: Class initialized using 'CodeIgniter\Session\Handlers\FileHandler' driver.
INFO - 2025-01-31 11:44:55 --> Session: Class initialized using 'CodeIgniter\Session\Handlers\FileHandler' driver.
INFO - 2025-01-31 11:45:40 --> Session: Class initialized using 'CodeIgniter\Session\Handlers\FileHandler' driver.
INFO - 2025-01-31 11:45:42 --> Session: Class initialized using 'CodeIgniter\Session\Handlers\FileHandler' driver.
INFO - 2025-01-31 11:45:43 --> Session: Class initialized using 'CodeIgniter\Session\Handlers\FileHandler' driver.
INFO - 2025-01-31 11:45:47 --> Session: Class initialized using 'CodeIgniter\Session\Handlers\FileHandler' driver.
INFO - 2025-01-31 11:45:55 --> Session: Class initialized using 'CodeIgniter\Session\Handlers\FileHandler' driver.
INFO - 2025-01-31 11:47:29 --> Session: Class initialized using 'CodeIgniter\Session\Handlers\FileHandler' driver.
INFO - 2025-01-31 11:52:27 --> Session: Class initialized using 'CodeIgniter\Session\Handlers\FileHandler' driver.
